[0mGET / [32m200[0m 969.114 ms - 111092[0m
[0mGET / [32m200[0m 378.227 ms - 111092[0m
[0mPOST /post/create [32m200[0m 150.208 ms - 331[0m
[0mPOST /comment/create_comment [36m302[0m 227.115 ms - 44[0m
[0mPOST /comment/create_comment [32m200[0m 341.700 ms - 612[0m
[0mGET / [32m200[0m 629.764 ms - 118702[0m
[0mGET / [32m200[0m 1056.618 ms - 118694[0m
[0mGET / [32m200[0m 587.479 ms - 118694[0m
[0mGET / [32m200[0m 1235.674 ms - 118694[0m
[0mGET / [32m200[0m 305.673 ms - 118694[0m
[0mGET / [32m200[0m 769.894 ms - 118694[0m
[0mGET /post/destroy/608d9ede476a472c84acad7a [32m200[0m 121.480 ms - 72[0m
[0mGET / [32m200[0m 778.694 ms - 111092[0m
[0mGET / [32m200[0m 1342.738 ms - 111092[0m
[0mGET / [32m200[0m 1858.352 ms - 111092[0m
[0mGET / [32m200[0m 1096.291 ms - 111092[0m
[0mGET / [32m200[0m 2565.317 ms - 111092[0m
[0mGET / [32m200[0m 417.405 ms - 111092[0m
[0mGET / [32m200[0m 728.513 ms - 111092[0m
[0mGET / [32m200[0m 1027.810 ms - 111092[0m
[0mGET / [32m200[0m 460.041 ms - 4507[0m
[0mGET /favicon.ico [33m404[0m 897.535 ms - 150[0m
[0mGET /user/sign_In [32m200[0m 65.377 ms - 6293[0m
[0mGET /user/sign_Up [32m200[0m 73.005 ms - 6393[0m
[0mGET /user/sign_In [32m200[0m 22.398 ms - 6293[0m
[0mGET /user/auth/google [36m302[0m 48.041 ms - 0[0m
[0mGET /user/sign_In [32m200[0m 19.758 ms - 6293[0m
[0mGET /user/sign_Up [32m200[0m 35.245 ms - 6393[0m
[0mGET /user/sign_Up [32m200[0m 746.601 ms - 6393[0m
[0mPOST /user/create [36m302[0m 341.321 ms - 70[0m
[0mGET /user/sign_In [32m200[0m 95.009 ms - 6535[0m
[0mPOST /user/create-session [36m302[0m 39.634 ms - 46[0m
[0mGET / [32m200[0m 264.976 ms - 8714[0m
[0mGET / [32m200[0m 1036.221 ms - 8714[0m
[0mGET /user/profile/608f9e945bfeab21c8ac9902 [32m200[0m 128.358 ms - 10744[0m
[0mGET /user/profile/608f9e945bfeab21c8ac9902 [32m200[0m 81.964 ms - 10744[0m
[0mPOST /user/update/608f9e945bfeab21c8ac9902 [36m302[0m 337.538 ms - 162[0m
[0mGET /user/profile/608f9e945bfeab21c8ac9902 [32m200[0m 67.926 ms - 11054[0m
[0mGET /user/profile/608f9e945bfeab21c8ac9902 [32m200[0m 84.459 ms - 10826[0m
[0mPOST /user/update/608f9e945bfeab21c8ac9902 [36m302[0m 44.843 ms - 162[0m
[0mGET /user/profile/608f9e945bfeab21c8ac9902 [32m200[0m 59.621 ms - 11062[0m
[0mGET /user/profile/608f9e945bfeab21c8ac9902 [32m200[0m 85.639 ms - 10834[0m
[0mPOST /user/update/608f9e945bfeab21c8ac9902 [36m302[0m 68.050 ms - 162[0m
[0mGET /user/profile/608f9e945bfeab21c8ac9902 [32m200[0m 58.322 ms - 11068[0m
[0mGET /user/profile/608f9e945bfeab21c8ac9902 [32m200[0m 66.464 ms - 10840[0m
